{"name": "test_demo_login", "status": "broken", "statusDetails": {"message": "selenium.common.exceptions.NoSuchElementException: Message: no such element: Unable to locate element: {\"method\":\"link text\",\"selector\":\"reddyvinuth271@gmail.com\"}\n  (Session info: chrome=129.0.6668.70); For documentation on this error, please visit: https://www.selenium.dev/documentation/webdriver/troubleshooting/errors#no-such-element-exception\nStacktrace:\n\tGetHandleVerifier [0x00007FF7FCB6B125+29573]\n\t(No symbol) [0x00007FF7FCADFF50]\n\t(No symbol) [0x00007FF7FC99B6EA]\n\t(No symbol) [0x00007FF7FC9EF815]\n\t(No symbol) [0x00007FF7FC9EFA6C]\n\t(No symbol) [0x00007FF7FCA3B917]\n\t(No symbol) [0x00007FF7FCA1733F]\n\t(No symbol) [0x00007FF7FCA386BC]\n\t(No symbol) [0x00007FF7FCA170A3]\n\t(No symbol) [0x00007FF7FC9E12DF]\n\t(No symbol) [0x00007FF7FC9E2441]\n\tGetHandleVerifier [0x00007FF7FCE9C76D+3377613]\n\tGetHandleVerifier [0x00007FF7FCEE7B67+3685831]\n\tGetHandleVerifier [0x00007FF7FCEDCF8B+3641835]\n\tGetHandleVerifier [0x00007FF7FCC2B2A6+816390]\n\t(No symbol) [0x00007FF7FCAEB25F]\n\t(No symbol) [0x00007FF7FCAE7084]\n\t(No symbol) [0x00007FF7FCAE7220]\n\t(No symbol) [0x00007FF7FCAD607F]\n\tBaseThreadInitThunk [0x00007FFFCA4D6FD4+20]\n\tRtlUserThreadStart [0x00007FFFCC25CF31+33]", "trace": "demo = <selenium.webdriver.chrome.webdriver.WebDriver (session=\"bd1c357d0528c2e701f48d4971d53ab3\")>\n\n    @pytest.mark.login\n    def test_demo_login(demo):\n        l=login(demo)\n        l.log(\"reddyvinuth271@gmail.com\",'selenium')\n>       condition=demo.find_element(\"link text\",\"reddyvinuth271@gmail.com\").is_displayed()\n\nTests\\test_demo_login.py:11: \n_ _ _ _ _ _ _ _ _ _ _ _ _ _ _ _ _ _ _ _ _ _ _ _ _ _ _ _ _ _ _ _ _ _ _ _ _ _ _ _ _ _ _ _ _ _ _ _ _ _ _ _ _ _ _ _ _ _ _ _ _ _ _ _ _ _ _ _ _ _ _ _ _ _ _ _ _ _ _ _\n.venv\\Lib\\site-packages\\selenium\\webdriver\\remote\\webdriver.py:748: in find_element\n    return self.execute(Command.FIND_ELEMENT, {\"using\": by, \"value\": value})[\"value\"]\n.venv\\Lib\\site-packages\\selenium\\webdriver\\remote\\webdriver.py:354: in execute\n    self.error_handler.check_response(response)\n_ _ _ _ _ _ _ _ _ _ _ _ _ _ _ _ _ _ _ _ _ _ _ _ _ _ _ _ _ _ _ _ _ _ _ _ _ _ _ _ _ _ _ _ _ _ _ _ _ _ _ _ _ _ _ _ _ _ _ _ _ _ _ _ _ _ _ _ _ _ _ _ _ _ _ _ _ _ _ _\n\nself = <selenium.webdriver.remote.errorhandler.ErrorHandler object at 0x0000023CE065C800>\nresponse = {'status': 404, 'value': '{\"value\":{\"error\":\"no such element\",\"message\":\"no such element: Unable to locate element: {\\...07FF7FCAD607F]\\\\n\\\\tBaseThreadInitThunk [0x00007FFFCA4D6FD4+20]\\\\n\\\\tRtlUserThreadStart [0x00007FFFCC25CF31+33]\\\\n\"}}'}\n\n    def check_response(self, response: Dict[str, Any]) -> None:\n        \"\"\"Checks that a JSON response from the WebDriver does not have an\n        error.\n    \n        :Args:\n         - response - The JSON response from the WebDriver server as a dictionary\n           object.\n    \n        :Raises: If the response contains an error message.\n        \"\"\"\n        status = response.get(\"status\", None)\n        if not status or status == ErrorCode.SUCCESS:\n            return\n        value = None\n        message = response.get(\"message\", \"\")\n        screen: str = response.get(\"screen\", \"\")\n        stacktrace = None\n        if isinstance(status, int):\n            value_json = response.get(\"value\", None)\n            if value_json and isinstance(value_json, str):\n                import json\n    \n                try:\n                    value = json.loads(value_json)\n                    if len(value) == 1:\n                        value = value[\"value\"]\n                    status = value.get(\"error\", None)\n                    if not status:\n                        status = value.get(\"status\", ErrorCode.UNKNOWN_ERROR)\n                        message = value.get(\"value\") or value.get(\"message\")\n                        if not isinstance(message, str):\n                            value = message\n                            message = message.get(\"message\")\n                    else:\n                        message = value.get(\"message\", None)\n                except ValueError:\n                    pass\n    \n        exception_class: Type[WebDriverException]\n        e = ErrorCode()\n        error_codes = [item for item in dir(e) if not item.startswith(\"__\")]\n        for error_code in error_codes:\n            error_info = getattr(ErrorCode, error_code)\n            if isinstance(error_info, list) and status in error_info:\n                exception_class = getattr(ExceptionMapping, error_code, WebDriverException)\n                break\n        else:\n            exception_class = WebDriverException\n    \n        if not value:\n            value = response[\"value\"]\n        if isinstance(value, str):\n            raise exception_class(value)\n        if message == \"\" and \"message\" in value:\n            message = value[\"message\"]\n    \n        screen = None  # type: ignore[assignment]\n        if \"screen\" in value:\n            screen = value[\"screen\"]\n    \n        stacktrace = None\n        st_value = value.get(\"stackTrace\") or value.get(\"stacktrace\")\n        if st_value:\n            if isinstance(st_value, str):\n                stacktrace = st_value.split(\"\\n\")\n            else:\n                stacktrace = []\n                try:\n                    for frame in st_value:\n                        line = frame.get(\"lineNumber\", \"\")\n                        file = frame.get(\"fileName\", \"<anonymous>\")\n                        if line:\n                            file = f\"{file}:{line}\"\n                        meth = frame.get(\"methodName\", \"<anonymous>\")\n                        if \"className\" in frame:\n                            meth = f\"{frame['className']}.{meth}\"\n                        msg = \"    at %s (%s)\"\n                        msg = msg % (meth, file)\n                        stacktrace.append(msg)\n                except TypeError:\n                    pass\n        if exception_class == UnexpectedAlertPresentException:\n            alert_text = None\n            if \"data\" in value:\n                alert_text = value[\"data\"].get(\"text\")\n            elif \"alert\" in value:\n                alert_text = value[\"alert\"].get(\"text\")\n            raise exception_class(message, screen, stacktrace, alert_text)  # type: ignore[call-arg]  # mypy is not smart enough here\n>       raise exception_class(message, screen, stacktrace)\nE       selenium.common.exceptions.NoSuchElementException: Message: no such element: Unable to locate element: {\"method\":\"link text\",\"selector\":\"reddyvinuth271@gmail.com\"}\nE         (Session info: chrome=129.0.6668.70); For documentation on this error, please visit: https://www.selenium.dev/documentation/webdriver/troubleshooting/errors#no-such-element-exception\nE       Stacktrace:\nE       \tGetHandleVerifier [0x00007FF7FCB6B125+29573]\nE       \t(No symbol) [0x00007FF7FCADFF50]\nE       \t(No symbol) [0x00007FF7FC99B6EA]\nE       \t(No symbol) [0x00007FF7FC9EF815]\nE       \t(No symbol) [0x00007FF7FC9EFA6C]\nE       \t(No symbol) [0x00007FF7FCA3B917]\nE       \t(No symbol) [0x00007FF7FCA1733F]\nE       \t(No symbol) [0x00007FF7FCA386BC]\nE       \t(No symbol) [0x00007FF7FCA170A3]\nE       \t(No symbol) [0x00007FF7FC9E12DF]\nE       \t(No symbol) [0x00007FF7FC9E2441]\nE       \tGetHandleVerifier [0x00007FF7FCE9C76D+3377613]\nE       \tGetHandleVerifier [0x00007FF7FCEE7B67+3685831]\nE       \tGetHandleVerifier [0x00007FF7FCEDCF8B+3641835]\nE       \tGetHandleVerifier [0x00007FF7FCC2B2A6+816390]\nE       \t(No symbol) [0x00007FF7FCAEB25F]\nE       \t(No symbol) [0x00007FF7FCAE7084]\nE       \t(No symbol) [0x00007FF7FCAE7220]\nE       \t(No symbol) [0x00007FF7FCAD607F]\nE       \tBaseThreadInitThunk [0x00007FFFCA4D6FD4+20]\nE       \tRtlUserThreadStart [0x00007FFFCC25CF31+33]\n\n.venv\\Lib\\site-packages\\selenium\\webdriver\\remote\\errorhandler.py:229: NoSuchElementException"}, "start": 1727516676929, "stop": 1727516693479, "uuid": "411f7655-786b-468a-999f-a0d8eee8e97c", "historyId": "27c34732addd50d29b02472424fbe9b2", "testCaseId": "27c34732addd50d29b02472424fbe9b2", "fullName": "Tests.test_demo_login#test_demo_login", "labels": [{"name": "tag", "value": "login"}, {"name": "parentSuite", "value": "Tests"}, {"name": "suite", "value": "test_demo_login"}, {"name": "host", "value": "DESKTOP-9F3SG6R"}, {"name": "thread", "value": "14636-MainThread"}, {"name": "framework", "value": "pytest"}, {"name": "language", "value": "cpython3"}, {"name": "package", "value": "Tests.test_demo_login"}]}